This file contains any messages produced by compilers while
running configure, to aid debugging if configure makes a mistake.

It was created by configure, which was
generated by GNU Autoconf 2.71.  Invocation command line was

  $ ./configure

## --------- ##
## Platform. ##
## --------- ##

hostname = UBUNTU25
uname -m = aarch64
uname -r = 6.14.0-15-generic
uname -s = Linux
uname -v = #15-Ubuntu SMP PREEMPT_DYNAMIC Sun Apr  6 14:37:51 UTC 2025

/usr/bin/uname -p = aarch64
/bin/uname -X     = unknown

/bin/arch              = aarch64
/usr/bin/arch -k       = unknown
/usr/convex/getsysinfo = unknown
/usr/bin/hostinfo      = unknown
/bin/machine           = unknown
/usr/bin/oslevel       = unknown
/bin/universe          = unknown

PATH: /data/project/omnetpp-6.1/bin/
PATH: /data/project/omnetpp-6.1/.venv/bin/
PATH: /usr/local/sbin/
PATH: /usr/local/bin/
PATH: /usr/sbin/
PATH: /usr/bin/
PATH: /sbin/
PATH: /bin/
PATH: /snap/bin/


## ----------- ##
## Core tests. ##
## ----------- ##

configure:2538: looking for aux files: config.guess config.sub
configure:2551:  trying ./src/utils/
configure:2580:   ./src/utils/config.guess found
configure:2580:   ./src/utils/config.sub found
configure:2710: Environment variables (PATH and PYTHONPATH) are correctly set.
configure:2726: Reading configure.user for your custom settings.
configure:2734: Creating a backup of 'Makefile.inc'.
configure:2760: checking build system type
configure:2775: result: aarch64-unknown-linux-gnu
configure:2795: checking host system type
configure:2809: result: aarch64-unknown-linux-gnu
configure:2990: checking for clang
configure:3011: found /usr/bin/clang
configure:3022: result: clang
configure:3053: checking for C compiler version
configure:3062: clang --version >&5
Ubuntu clang version 20.1.2 (0ubuntu1)
Target: aarch64-unknown-linux-gnu
Thread model: posix
InstalledDir: /usr/lib/llvm-20/bin
configure:3073: $? = 0
configure:3062: clang -v >&5
Ubuntu clang version 20.1.2 (0ubuntu1)
Target: aarch64-unknown-linux-gnu
Thread model: posix
InstalledDir: /usr/lib/llvm-20/bin
Found candidate GCC installation: /usr/lib/gcc/aarch64-linux-gnu/14
Selected GCC installation: /usr/lib/gcc/aarch64-linux-gnu/14
Candidate multilib: .;@m64
Selected multilib: .;@m64
configure:3073: $? = 0
configure:3062: clang -V >&5
clang: error: argument to '-V' is missing (expected 1 value)
clang: error: no input files
configure:3073: $? = 1
configure:3062: clang -qversion >&5
clang: error: unknown argument '-qversion'; did you mean '--version'?
clang: error: no input files
configure:3073: $? = 1
configure:3062: clang -version >&5
clang: error: unknown argument '-version'; did you mean '--version'?
clang: error: no input files
configure:3073: $? = 1
configure:3093: checking whether the C compiler works
configure:3115: clang    conftest.c  >&5
configure:3119: $? = 0
configure:3169: result: yes
configure:3172: checking for C compiler default output file name
configure:3174: result: a.out
configure:3180: checking for suffix of executables
configure:3187: clang -o conftest    conftest.c  >&5
configure:3191: $? = 0
configure:3214: result: 
configure:3236: checking whether we are cross compiling
configure:3244: clang -o conftest    conftest.c  >&5
configure:3248: $? = 0
configure:3255: ./conftest
configure:3259: $? = 0
configure:3274: result: no
configure:3279: checking for suffix of object files
configure:3302: clang -c   conftest.c >&5
configure:3306: $? = 0
configure:3328: result: o
configure:3332: checking whether the compiler supports GNU C
configure:3352: clang -c   conftest.c >&5
configure:3352: $? = 0
configure:3362: result: yes
configure:3373: checking whether clang accepts -g
configure:3394: clang -c -g  conftest.c >&5
configure:3394: $? = 0
configure:3438: result: yes
configure:3458: checking for clang option to enable C11 features
configure:3473: clang  -c   conftest.c >&5
conftest.c:23:14: warning: a function definition without a prototype is deprecated in all versions of C and is not supported in C23 [-Wdeprecated-non-prototype]
   23 | static char *e (p, i)
      |              ^
1 warning generated.
configure:3473: $? = 0
configure:3491: result: none needed
configure:3670: checking for clang++
configure:3691: found /usr/bin/clang++
configure:3702: result: clang++
configure:3729: checking for C++ compiler version
configure:3738: clang++ --version >&5
Ubuntu clang version 20.1.2 (0ubuntu1)
Target: aarch64-unknown-linux-gnu
Thread model: posix
InstalledDir: /usr/lib/llvm-20/bin
configure:3749: $? = 0
configure:3738: clang++ -v >&5
Ubuntu clang version 20.1.2 (0ubuntu1)
Target: aarch64-unknown-linux-gnu
Thread model: posix
InstalledDir: /usr/lib/llvm-20/bin
Found candidate GCC installation: /usr/lib/gcc/aarch64-linux-gnu/14
Selected GCC installation: /usr/lib/gcc/aarch64-linux-gnu/14
Candidate multilib: .;@m64
Selected multilib: .;@m64
configure:3749: $? = 0
configure:3738: clang++ -V >&5
clang++: error: argument to '-V' is missing (expected 1 value)
clang++: error: no input files
configure:3749: $? = 1
configure:3738: clang++ -qversion >&5
clang++: error: unknown argument '-qversion'; did you mean '--version'?
clang++: error: no input files
configure:3749: $? = 1
configure:3753: checking whether the compiler supports GNU C++
configure:3773: clang++ -c   conftest.cpp >&5
configure:3773: $? = 0
configure:3783: result: yes
configure:3794: checking whether clang++ accepts -g
configure:3815: clang++ -c -g  conftest.cpp >&5
configure:3815: $? = 0
configure:3859: result: yes
configure:3879: checking for clang++ option to enable C++11 features
configure:3894: clang++  -c   conftest.cpp >&5
conftest.cpp:175:25: warning: empty parentheses interpreted as a function declaration [-Wvexing-parse]
  175 |   cxx11test::delegate d2();
      |                         ^~
conftest.cpp:175:25: note: remove parentheses to declare a variable
  175 |   cxx11test::delegate d2();
      |                         ^~
1 warning generated.
configure:3894: $? = 0
configure:3912: result: none needed
configure:3979: checking for clang++
configure:4000: found /usr/bin/clang++
configure:4012: result: clang++
configure:4029: checking for c++17 support
configure:4046: clang++ -c   conftest.cpp >&5
configure:4046: $? = 0
configure:4048: result: yes
configure:4167: checking for ranlib
configure:4188: found /usr/bin/ranlib
configure:4199: result: ranlib
configure:4350: checking whether LLD linker is available
configure:4365: clang++ -o conftest    -fuse-ld=lld conftest.cpp  >&5
configure:4365: $? = 0
configure:4367: result: yes
configure:4393: checking whether clang++ supports -fno-omit-frame-pointer
configure:4408: clang++ -fno-omit-frame-pointer -o conftest    -fuse-ld=lld conftest.cpp  >&5
configure:4408: $? = 0
configure:4411: result: yes
configure:4432: checking whether clang++ supports -glldb
configure:4447: clang++ -glldb -o conftest    -fuse-ld=lld conftest.cpp  >&5
configure:4447: $? = 0
configure:4450: result: yes
configure:4504: checking whether clang++ supports -fstandalone-debug
configure:4519: clang++ -fstandalone-debug -o conftest    -fuse-ld=lld conftest.cpp  >&5
configure:4519: $? = 0
configure:4522: result: yes
configure:4582: checking whether clang++ supports -Wl,--no-as-needed
configure:4597: clang++ -Wl,--no-as-needed -o conftest    -fuse-ld=lld conftest.cpp  >&5
configure:4597: $? = 0
configure:4600: result: yes
configure:4618: checking whether clang++ supports -Wl,--as-needed
configure:4633: clang++ -Wl,--as-needed -o conftest    -fuse-ld=lld conftest.cpp  >&5
configure:4633: $? = 0
configure:4636: result: yes
configure:4664: checking for swapcontext
configure:4664: clang++ -o conftest    -fuse-ld=lld conftest.cpp  >&5
configure:4664: $? = 0
configure:4664: result: yes
configure:4681: checking if shared libs need -fPIC
configure:4704: result: yes
configure:4755: checking for dlopen with CFLAGS="" LIBS=""
configure:4769: clang++ -o conftest    -fuse-ld=lld conftest.cpp  >&5
configure:4769: $? = 0
configure:4771: result: yes
configure:4785: checking if --export-dynamic linker option is supported/needed
configure:4811: result: both
configure:4852: checking for flags needed to link with static libs containing simple modules
configure:4881: result: --whole-archive
configure:4883: NOTE: Use the following syntax when linking with static libraries
configure:4885: containing simple modules and other dynamically registered components:
configure:4887:    clang++ ... -Wl,--whole-archive <libs> -Wl,--no-whole-archive ...
configure:4969: checking whether linker supports -rpath
configure:4987: clang++ -o conftest    -fuse-ld=lld -Wl,-rpath,$(OMNETPP_LIB_DIR) -Wl,-rpath,. -Wl,-rpath,$(OMNETPP_TOOLS_DIR)/lib conftest.cpp  >&5
configure:4987: $? = 0
configure:4989: result: yes
configure:5006: checking for pkg-config
configure:5027: found /usr/bin/pkg-config
configure:5039: result: pkg-config
configure:5056: checking for bison
configure:5077: found /usr/bin/bison
configure:5088: result: bison -y
configure:5344: checking for make
configure:5365: found /usr/bin/make
configure:5377: result: make
configure:5398: checking for perl
configure:5419: found /usr/bin/perl
configure:5431: result: perl
configure:5448: checking for swig
configure:5481: result: not found
configure:5498: checking for python3
configure:5519: found /data/project/omnetpp-6.1/.venv/bin/python3
configure:5531: result: python3
configure:5543: checking if all necessary Python modules are available
configure:5590: result: yes
configure:5629: checking for python3-config
configure:5652: found /usr/bin/python3-config
configure:5664: result: /usr/bin/python3-config
configure:5691: checking for python3-dev with CFLAGS="-I/usr/include/python3.13 -I/usr/include/python3.13" LIBS="-L/usr/lib/python3.13/config-3.13-aarch64-linux-gnu -L/usr/lib/aarch64-linux-gnu -lpython3.13 -ldl  -lm "
configure:5705: clang++ -o conftest -I/usr/include/python3.13 -I/usr/include/python3.13   -fuse-ld=lld -Wl,-rpath,$(OMNETPP_LIB_DIR) -Wl,-rpath,. -Wl,-rpath,$(OMNETPP_TOOLS_DIR)/lib conftest.cpp -L/usr/lib/python3.13/config-3.13-aarch64-linux-gnu -L/usr/lib/aarch64-linux-gnu -lpython3.13 -ldl  -lm  >&5
configure:5705: $? = 0
configure:5707: result: yes
configure:5742: checking for math with CFLAGS=" -fPIC" LIBS=""
configure:5756: clang++ -o conftest  -fPIC   -fuse-ld=lld -Wl,-rpath,$(OMNETPP_LIB_DIR) -Wl,-rpath,. -Wl,-rpath,$(OMNETPP_TOOLS_DIR)/lib conftest.cpp  >&5
configure:5756: $? = 0
configure:5758: result: yes
configure:5819: checking for standard C++ lib with CFLAGS=" -fPIC" LIBS="-lc++"
configure:5833: clang++ -o conftest  -fPIC   -fuse-ld=lld -Wl,-rpath,$(OMNETPP_LIB_DIR) -Wl,-rpath,. -Wl,-rpath,$(OMNETPP_TOOLS_DIR)/lib conftest.cpp -lc++ >&5
ld.lld: error: unable to find library -lc++
clang++: error: linker command failed with exit code 1 (use -v to see invocation)
configure:5833: $? = 1
configure: failed program was:
| /* confdefs.h */
| #define PACKAGE_NAME ""
| #define PACKAGE_TARNAME ""
| #define PACKAGE_VERSION ""
| #define PACKAGE_STRING ""
| #define PACKAGE_BUGREPORT ""
| #define PACKAGE_URL ""
| #define HAVE_SWAPCONTEXT 1
| /* end confdefs.h.  */
| #include <iostream>
| int
| main (void)
| {
| /**/;
|   ;
|   return 0;
| }
configure:5838: result: no
configure:5857: checking for standard C++ lib with CFLAGS=" -fPIC" LIBS="-lstdc++"
configure:5871: clang++ -o conftest  -fPIC   -fuse-ld=lld -Wl,-rpath,$(OMNETPP_LIB_DIR) -Wl,-rpath,. -Wl,-rpath,$(OMNETPP_TOOLS_DIR)/lib conftest.cpp -lstdc++ >&5
configure:5871: $? = 0
configure:5873: result: yes
configure:5938: checking for dlopen with CFLAGS=" -fPIC" LIBS=""
configure:5952: clang++ -o conftest  -fPIC   -fuse-ld=lld -Wl,-rpath,$(OMNETPP_LIB_DIR) -Wl,-rpath,. -Wl,-rpath,$(OMNETPP_TOOLS_DIR)/lib conftest.cpp  >&5
configure:5952: $? = 0
configure:5954: result: yes
configure:6022: checking for qmake-qt5
configure:6060: result: no
configure:6022: checking for qmake5
configure:6060: result: no
configure:6022: checking for qmake
configure:6045: found /usr/bin/qmake
configure:6057: result: /usr/bin/qmake
configure:6083: checking for moc-qt5
configure:6121: result: no
configure:6083: checking for moc5
configure:6121: result: no
configure:6083: checking for moc
configure:6106: found /usr/lib/qt5/bin/moc
configure:6118: result: /usr/lib/qt5/bin/moc
configure:6134: checking for uic-qt5
configure:6172: result: no
configure:6134: checking for uic5
configure:6172: result: no
configure:6134: checking for uic
configure:6157: found /usr/lib/qt5/bin/uic
configure:6169: result: /usr/lib/qt5/bin/uic
configure:6185: checking for rcc-qt5
configure:6223: result: no
configure:6185: checking for rcc5
configure:6223: result: no
configure:6185: checking for rcc
configure:6208: found /usr/lib/qt5/bin/rcc
configure:6220: result: /usr/lib/qt5/bin/rcc
configure:6257: checking for Qt5 with CFLAGS="  -fPIC -I /usr/include/aarch64-linux-gnu/qt5  -fPIC -I /usr/include/aarch64-linux-gnu/qt5" LIBS="-lQt5Gui -lQt5Core -lQt5Widgets -lQt5PrintSupport -lQt5OpenGL -L/usr/lib/aarch64-linux-gnu"
configure:6271: clang++ -o conftest   -fPIC -I /usr/include/aarch64-linux-gnu/qt5   -fuse-ld=lld -Wl,-rpath,$(OMNETPP_LIB_DIR) -Wl,-rpath,. -Wl,-rpath,$(OMNETPP_TOOLS_DIR)/lib conftest.cpp -lQt5Gui -lQt5Core -lQt5Widgets -lQt5PrintSupport -lQt5OpenGL -L/usr/lib/aarch64-linux-gnu >&5
conftest.cpp:17:11: warning: extra tokens at end of #endif directive [-Wextra-tokens]
   17 |     #endif;
      |           ^
      |           //
conftest.cpp:14:5: warning: ignoring return value of function declared with const attribute [-Wunused-value]
   14 |     qVersion();
      |     ^~~~~~~~
2 warnings generated.
configure:6271: $? = 0
configure:6273: result: yes
configure:6403: checking for OpenSceneGraph with CFLAGS=" -fPIC  -Wno-deprecated-register -Wno-unused-function -fno-omit-frame-pointer  " LIBS=" -fuse-ld=lld -Wl,-rpath,$(OMNETPP_LIB_DIR) -Wl,-rpath,. -Wl,-rpath,$(OMNETPP_TOOLS_DIR)/lib  -Wl,--export-dynamic  -losg -losgDB -losgGA -losgViewer -losgUtil -lOpenThreads"
configure:6417: clang++ -o conftest  -fPIC  -Wno-deprecated-register -Wno-unused-function -fno-omit-frame-pointer     -fuse-ld=lld -Wl,-rpath,$(OMNETPP_LIB_DIR) -Wl,-rpath,. -Wl,-rpath,$(OMNETPP_TOOLS_DIR)/lib conftest.cpp  -fuse-ld=lld -Wl,-rpath,$(OMNETPP_LIB_DIR) -Wl,-rpath,. -Wl,-rpath,$(OMNETPP_TOOLS_DIR)/lib  -Wl,--export-dynamic  -losg -losgDB -losgGA -losgViewer -losgUtil -lOpenThreads >&5
conftest.cpp:18:7: warning: extra tokens at end of #endif directive [-Wextra-tokens]
   18 | #endif;
      |       ^
      |       //
1 warning generated.
configure:6417: $? = 0
configure:6419: result: yes
configure:6504: checking for libdw for enhanced backtrace support with CFLAGS="" LIBS="-ldw -lelf "
configure:6518: clang++ -o conftest    -fuse-ld=lld -Wl,-rpath,$(OMNETPP_LIB_DIR) -Wl,-rpath,. -Wl,-rpath,$(OMNETPP_TOOLS_DIR)/lib conftest.cpp -ldw -lelf  >&5
configure:6518: $? = 0
configure:6520: result: yes
configure:6559: checking for clang++ option to support OpenMP
configure:6581: clang++ -c    conftest.cpp >&5
conftest.cpp:12:2: error: "OpenMP not supported"
   12 | #error "OpenMP not supported"
      |  ^
conftest.cpp:14:10: fatal error: 'omp.h' file not found
   14 | #include <omp.h>
      |          ^~~~~~~
2 errors generated.
configure:6581: $? = 1
configure: failed program was:
| /* confdefs.h */
| #define PACKAGE_NAME ""
| #define PACKAGE_TARNAME ""
| #define PACKAGE_VERSION ""
| #define PACKAGE_STRING ""
| #define PACKAGE_BUGREPORT ""
| #define PACKAGE_URL ""
| #define HAVE_SWAPCONTEXT 1
| /* end confdefs.h.  */
| 
| #ifndef _OPENMP
| #error "OpenMP not supported"
| #endif
| #include <omp.h>
| int main (void) { return omp_get_num_threads (); }
| 
configure:6581: clang++ -c  -fopenmp  conftest.cpp >&5
conftest.cpp:14:10: fatal error: 'omp.h' file not found
   14 | #include <omp.h>
      |          ^~~~~~~
1 error generated.
configure:6581: $? = 1
configure: failed program was:
| /* confdefs.h */
| #define PACKAGE_NAME ""
| #define PACKAGE_TARNAME ""
| #define PACKAGE_VERSION ""
| #define PACKAGE_STRING ""
| #define PACKAGE_BUGREPORT ""
| #define PACKAGE_URL ""
| #define HAVE_SWAPCONTEXT 1
| /* end confdefs.h.  */
| 
| #ifndef _OPENMP
| #error "OpenMP not supported"
| #endif
| #include <omp.h>
| int main (void) { return omp_get_num_threads (); }
| 
configure:6581: clang++ -c  -xopenmp  conftest.cpp >&5
clang++: error: language not recognized: 'openmp'
clang++: warning: conftest.cpp: 'linker' input unused [-Wunused-command-line-argument]
configure:6581: $? = 1
configure: failed program was:
| /* confdefs.h */
| #define PACKAGE_NAME ""
| #define PACKAGE_TARNAME ""
| #define PACKAGE_VERSION ""
| #define PACKAGE_STRING ""
| #define PACKAGE_BUGREPORT ""
| #define PACKAGE_URL ""
| #define HAVE_SWAPCONTEXT 1
| /* end confdefs.h.  */
| 
| #ifndef _OPENMP
| #error "OpenMP not supported"
| #endif
| #include <omp.h>
| int main (void) { return omp_get_num_threads (); }
| 
configure:6581: clang++ -c  -openmp  conftest.cpp >&5
conftest.cpp:12:2: error: "OpenMP not supported"
   12 | #error "OpenMP not supported"
      |  ^
conftest.cpp:14:10: fatal error: 'omp.h' file not found
   14 | #include <omp.h>
      |          ^~~~~~~
2 errors generated.
configure:6581: $? = 1
configure: failed program was:
| /* confdefs.h */
| #define PACKAGE_NAME ""
| #define PACKAGE_TARNAME ""
| #define PACKAGE_VERSION ""
| #define PACKAGE_STRING ""
| #define PACKAGE_BUGREPORT ""
| #define PACKAGE_URL ""
| #define HAVE_SWAPCONTEXT 1
| /* end confdefs.h.  */
| 
| #ifndef _OPENMP
| #error "OpenMP not supported"
| #endif
| #include <omp.h>
| int main (void) { return omp_get_num_threads (); }
| 
configure:6581: clang++ -c  -mp  conftest.cpp >&5
clang++: error: unknown argument: '-mp'
configure:6581: $? = 1
configure: failed program was:
| /* confdefs.h */
| #define PACKAGE_NAME ""
| #define PACKAGE_TARNAME ""
| #define PACKAGE_VERSION ""
| #define PACKAGE_STRING ""
| #define PACKAGE_BUGREPORT ""
| #define PACKAGE_URL ""
| #define HAVE_SWAPCONTEXT 1
| /* end confdefs.h.  */
| 
| #ifndef _OPENMP
| #error "OpenMP not supported"
| #endif
| #include <omp.h>
| int main (void) { return omp_get_num_threads (); }
| 
configure:6581: clang++ -c  -omp  conftest.cpp >&5
conftest.cpp:12:2: error: "OpenMP not supported"
   12 | #error "OpenMP not supported"
      |  ^
conftest.cpp:14:10: fatal error: 'omp.h' file not found
   14 | #include <omp.h>
      |          ^~~~~~~
2 errors generated.
configure:6581: $? = 1
configure: failed program was:
| /* confdefs.h */
| #define PACKAGE_NAME ""
| #define PACKAGE_TARNAME ""
| #define PACKAGE_VERSION ""
| #define PACKAGE_STRING ""
| #define PACKAGE_BUGREPORT ""
| #define PACKAGE_URL ""
| #define HAVE_SWAPCONTEXT 1
| /* end confdefs.h.  */
| 
| #ifndef _OPENMP
| #error "OpenMP not supported"
| #endif
| #include <omp.h>
| int main (void) { return omp_get_num_threads (); }
| 
configure:6581: clang++ -c  -qsmp=omp  conftest.cpp >&5
clang++: error: unknown argument: '-qsmp=omp'
configure:6581: $? = 1
configure: failed program was:
| /* confdefs.h */
| #define PACKAGE_NAME ""
| #define PACKAGE_TARNAME ""
| #define PACKAGE_VERSION ""
| #define PACKAGE_STRING ""
| #define PACKAGE_BUGREPORT ""
| #define PACKAGE_URL ""
| #define HAVE_SWAPCONTEXT 1
| /* end confdefs.h.  */
| 
| #ifndef _OPENMP
| #error "OpenMP not supported"
| #endif
| #include <omp.h>
| int main (void) { return omp_get_num_threads (); }
| 
configure:6581: clang++ -c  -homp  conftest.cpp >&5
clang++: error: unknown argument: '-homp'
configure:6581: $? = 1
configure: failed program was:
| /* confdefs.h */
| #define PACKAGE_NAME ""
| #define PACKAGE_TARNAME ""
| #define PACKAGE_VERSION ""
| #define PACKAGE_STRING ""
| #define PACKAGE_BUGREPORT ""
| #define PACKAGE_URL ""
| #define HAVE_SWAPCONTEXT 1
| /* end confdefs.h.  */
| 
| #ifndef _OPENMP
| #error "OpenMP not supported"
| #endif
| #include <omp.h>
| int main (void) { return omp_get_num_threads (); }
| 
configure:6581: clang++ -c  -Popenmp  conftest.cpp >&5
clang++: error: unknown argument '-Popenmp'; did you mean '-fopenmp'?
configure:6581: $? = 1
configure: failed program was:
| /* confdefs.h */
| #define PACKAGE_NAME ""
| #define PACKAGE_TARNAME ""
| #define PACKAGE_VERSION ""
| #define PACKAGE_STRING ""
| #define PACKAGE_BUGREPORT ""
| #define PACKAGE_URL ""
| #define HAVE_SWAPCONTEXT 1
| /* end confdefs.h.  */
| 
| #ifndef _OPENMP
| #error "OpenMP not supported"
| #endif
| #include <omp.h>
| int main (void) { return omp_get_num_threads (); }
| 
configure:6581: clang++ -c  --openmp  conftest.cpp >&5
clang++: error: unknown argument '--openmp'; did you mean '-fopenmp'?
configure:6581: $? = 1
configure: failed program was:
| /* confdefs.h */
| #define PACKAGE_NAME ""
| #define PACKAGE_TARNAME ""
| #define PACKAGE_VERSION ""
| #define PACKAGE_STRING ""
| #define PACKAGE_BUGREPORT ""
| #define PACKAGE_URL ""
| #define HAVE_SWAPCONTEXT 1
| /* end confdefs.h.  */
| 
| #ifndef _OPENMP
| #error "OpenMP not supported"
| #endif
| #include <omp.h>
| int main (void) { return omp_get_num_threads (); }
| 
configure:6616: result: unsupported
configure:6944: checking for PTHREAD with CFLAGS=" -fPIC " LIBS="-lpthread"
configure:6958: clang++ -o conftest  -fPIC    -fuse-ld=lld -Wl,-rpath,$(OMNETPP_LIB_DIR) -Wl,-rpath,. -Wl,-rpath,$(OMNETPP_TOOLS_DIR)/lib conftest.cpp -lpthread >&5
conftest.cpp:14:23: warning: null passed to a callee that requires a non-null argument [-Wnonnull]
   14 | pthread_rwlock_rdlock(0);
      |                       ^
1 warning generated.
configure:6958: $? = 0
configure:6960: result: yes
configure:7366: checking for ccache
configure:7387: found /usr/bin/ccache
configure:7399: result: ccache
configure:7706: creating ./config.status

## ---------------------- ##
## Running config.status. ##
## ---------------------- ##

This file was extended by config.status, which was
generated by GNU Autoconf 2.71.  Invocation command line was

  CONFIG_FILES    = 
  CONFIG_HEADERS  = 
  CONFIG_LINKS    = 
  CONFIG_COMMANDS = 
  $ ./config.status 

on UBUNTU25

config.status:896: creating Makefile.inc
config.status:896: creating include/omnetpp/platdep/config.h

## ---------------- ##
## Cache variables. ##
## ---------------- ##

ac_cv_build=aarch64-unknown-linux-gnu
ac_cv_c_compiler_gnu=yes
ac_cv_cxx_compiler_gnu=yes
ac_cv_env_CCC_set=
ac_cv_env_CCC_value=
ac_cv_env_CC_set=
ac_cv_env_CC_value=
ac_cv_env_CFLAGS_set=
ac_cv_env_CFLAGS_value=
ac_cv_env_CPPFLAGS_set=
ac_cv_env_CPPFLAGS_value=
ac_cv_env_CXXFLAGS_set=
ac_cv_env_CXXFLAGS_value=
ac_cv_env_CXX_set=
ac_cv_env_CXX_value=
ac_cv_env_LDFLAGS_set=
ac_cv_env_LDFLAGS_value=
ac_cv_env_LIBS_set=
ac_cv_env_LIBS_value=
ac_cv_env_PERL_set=
ac_cv_env_PERL_value=
ac_cv_env_PYTHON3_set=
ac_cv_env_PYTHON3_value=
ac_cv_env_SWIG_set=
ac_cv_env_SWIG_value=
ac_cv_env_YACC_set=
ac_cv_env_YACC_value=
ac_cv_env_YFLAGS_set=
ac_cv_env_YFLAGS_value=
ac_cv_env_build_alias_set=
ac_cv_env_build_alias_value=
ac_cv_env_host_alias_set=
ac_cv_env_host_alias_value=
ac_cv_env_target_alias_set=
ac_cv_env_target_alias_value=
ac_cv_func_swapcontext=yes
ac_cv_host=aarch64-unknown-linux-gnu
ac_cv_objext=o
ac_cv_path_MOC=/usr/lib/qt5/bin/moc
ac_cv_path_PYTHON_CONFIG=/usr/bin/python3-config
ac_cv_path_QMAKE=/usr/bin/qmake
ac_cv_path_RCC=/usr/lib/qt5/bin/rcc
ac_cv_path_UIC=/usr/lib/qt5/bin/uic
ac_cv_prog_CCACHE=ccache
ac_cv_prog_MAKE=make
ac_cv_prog_PERL=perl
ac_cv_prog_PKGCONFIG=pkg-config
ac_cv_prog_PYTHON3=python3
ac_cv_prog_SWIG='not found'
ac_cv_prog_YACC='bison -y'
ac_cv_prog_ac_ct_CC=clang
ac_cv_prog_ac_ct_CXX=clang++
ac_cv_prog_ac_ct_RANLIB=ranlib
ac_cv_prog_cc_c11=
ac_cv_prog_cc_g=yes
ac_cv_prog_cc_stdc=
ac_cv_prog_cxx_cxx11=
ac_cv_prog_cxx_g=yes
ac_cv_prog_cxx_openmp=unsupported
ac_cv_prog_cxx_stdcxx=
ac_cv_prog_tmp_CXX=clang++

## ----------------- ##
## Output variables. ##
## ----------------- ##

AKAROA_CFLAGS=''
AKAROA_LIBS=''
ARCH='aarch64'
ARFLAG_OUT=''
AR_CR='ar cr'
AS='as'
AS_NEEDED_OFF='-Wl,--no-as-needed'
AS_NEEDED_ON='-Wl,--as-needed'
A_LIB_SUFFIX='.a'
BACKWARD_LDFLAGS='-ldw -lelf '
CC='ccache clang'
CCACHE='ccache'
CFLAGS=' -MMD -MP -MF $@.d  -fPIC  -Wno-deprecated-register -Wno-unused-function -fno-omit-frame-pointer $(DEFINES)'
CFLAGS_DEBUG=' -O0 -Wall -glldb -fstandalone-debug'
CFLAGS_RELEASE=' -O3 -DNDEBUG=1 -g1 -ffp-contract=off'
CPPFLAGS=''
CXX='ccache clang++'
CXXFLAGS=''
DEFINES=' -DBACKWARD_HAS_DW=1'
DEFS='-DHAVE_CONFIG_H'
DLLTOOL='dlltool'
DLL_LIB_SUFFIX='.dll'
ECHO_C=''
ECHO_N='-n'
ECHO_T=''
EXEEXT=''
EXE_SUFFIX=''
HAVE_DLOPEN='1'
HAVE_SWAPCONTEXT='1'
IMPDEF_SUFFIX='.def'
IMPLIB_SUFFIX='.dll.a'
JNI_LIB_SUFFIX='$(SHARED_LIB_SUFFIX)'
LDFLAGS=' -fuse-ld=lld -Wl,-rpath,$(OMNETPP_LIB_DIR) -Wl,-rpath,. -Wl,-rpath,$(OMNETPP_TOOLS_DIR)/lib  -Wl,--export-dynamic $(LDFLAG_LIBPATH)$(OMNETPP_LIB_DIR)'
LDFLAG_IMPDEF='-Wl,--output-def,'
LDFLAG_IMPLIB='-Wl,--out-implib,'
LDFLAG_INCLUDE='-Wl,-u,'
LDFLAG_LIB='-l'
LDFLAG_LIBPATH='-L'
LEX='flex --nounistd'
LEXLIB=''
LEX_OUTPUT_ROOT=''
LIBOBJS=''
LIBS=''
LIBXML_CFLAGS=''
LIBXML_LIBS=''
LIB_PREFIX='lib'
LN='ln -f'
LTLIBOBJS=''
MAKE='make'
MKPATH='mkdir -p'
MOC='/usr/lib/qt5/bin/moc'
MPICPP=''
MPICXX=''
MPI_CFLAGS=''
MPI_LIBS=''
MSGC='opp_msgc'
NEDTOOL='opp_nedtool'
OBJEXT='o'
OMNETPP_BUILDID='241008-f7568267cd'
OMNETPP_EDITION='Academic Public License -- NOT FOR COMMERCIAL USE'
OMNETPP_PRODUCT='OMNeT++'
OMNETPP_RELEASE='omnetpp-6.1'
OMNETPP_VERSION='6.1'
OPENMP_CXXFLAGS=''
OPENMP_FLAGS=''
OSGEARTH_CFLAGS=''
OSGEARTH_LIBS=''
OSG_CFLAGS=''
OSG_LIBS='-losg -losgDB -losgGA -losgViewer -losgUtil -lOpenThreads'
PACKAGE_BUGREPORT=''
PACKAGE_NAME=''
PACKAGE_STRING=''
PACKAGE_TARNAME=''
PACKAGE_URL=''
PACKAGE_VERSION=''
PATH_SEPARATOR=':'
PERL='perl'
PIC_FLAGS='-fPIC'
PKGCONFIG='pkg-config'
PLATFORM='linux'
PREFER_SQLITE_RESULT_FILES='no'
PTHREAD_CFLAGS=''
PTHREAD_LIBS='-lpthread'
PYTHON3='python3'
PYTHON_CFLAGS='-I/usr/include/python3.13 -I/usr/include/python3.13'
PYTHON_CONFIG='/usr/bin/python3-config'
PYTHON_EXT_SUFFIX='.cpython-313-aarch64-linux-gnu.so'
PYTHON_LDFLAGS='-L/usr/lib/python3.13/config-3.13-aarch64-linux-gnu -L/usr/lib/aarch64-linux-gnu -lpython3.13 -ldl  -lm '
QMAKE='/usr/bin/qmake'
QTENV_LDFLAGS='-Wl,-rpath,/usr/lib/aarch64-linux-gnu'
QT_CFLAGS='-I /usr/include/aarch64-linux-gnu/qt5'
QT_LIBS='-lQt5Gui -lQt5Core -lQt5Widgets -lQt5PrintSupport -lQt5OpenGL -L/usr/lib/aarch64-linux-gnu'
RANLIB='ranlib'
RCC='/usr/lib/qt5/bin/rcc'
SANITIZE_FLAGS=' -g1 -fsanitize=leak,address,undefined'
SHARED_LIBS='yes'
SHARED_LIB_SUFFIX='$(SO_LIB_SUFFIX)'
SHELL='/bin/bash'
SHLIB_LD='clang++ -shared -fPIC'
SHLIB_POSTPROCESS='opp_shlib_postprocess'
SO_LIB_SUFFIX='.so'
STRIP='strip'
SWIG='not found'
SYS_LIBS='-lstdc++ '
TOOLCHAIN_NAME='clang'
UIC='/usr/lib/qt5/bin/uic'
WHOLE_ARCHIVE_OFF='-Wl,--no-whole-archive'
WHOLE_ARCHIVE_ON='-Wl,--whole-archive'
WITH_AKAROA='no'
WITH_BACKTRACE='yes'
WITH_LIBXML='no'
WITH_NETBUILDER='yes'
WITH_OSG='yes'
WITH_OSGEARTH='no'
WITH_PARSIM='no'
WITH_QTENV='yes'
WITH_SCAVE_PYTHON_BINDINGS='yes'
WITH_SYSTEMC='no'
YACC='bison -y -Wno-yacc'
YFLAGS=''
ZLIB_CFLAGS=''
ZLIB_LIBS=''
ac_ct_CC='clang'
ac_ct_CXX='clang++'
bindir='${exec_prefix}/bin'
build='aarch64-unknown-linux-gnu'
build_alias=''
build_cpu='aarch64'
build_os='linux-gnu'
build_vendor='unknown'
datadir='${datarootdir}'
datarootdir='${prefix}/share'
docdir='${datarootdir}/doc/${PACKAGE}'
dvidir='${docdir}'
exec_prefix='${prefix}'
host='aarch64-unknown-linux-gnu'
host_alias=''
host_cpu='aarch64'
host_os='linux-gnu'
host_vendor='unknown'
htmldir='${docdir}'
includedir='${prefix}/include'
infodir='${datarootdir}/info'
libdir='${exec_prefix}/lib'
libexecdir='${exec_prefix}/libexec'
localedir='${datarootdir}/locale'
localstatedir='${prefix}/var'
mandir='${datarootdir}/man'
oldincludedir='/usr/include'
pdfdir='${docdir}'
prefix='/usr/local'
program_transform_name='s,x,x,'
psdir='${docdir}'
runstatedir='${localstatedir}/run'
sbindir='${exec_prefix}/sbin'
sharedstatedir='${prefix}/com'
sysconfdir='${prefix}/etc'
target_alias=''
tmp_CXX='clang++'

## ----------- ##
## confdefs.h. ##
## ----------- ##

/* confdefs.h */
#define PACKAGE_NAME ""
#define PACKAGE_TARNAME ""
#define PACKAGE_VERSION ""
#define PACKAGE_STRING ""
#define PACKAGE_BUGREPORT ""
#define PACKAGE_URL ""
#define HAVE_SWAPCONTEXT 1
#define WITH_NETBUILDER /**/
#define WITH_QTENV /**/
#define WITH_OSG /**/
#define HAVE_DLOPEN 1
#define HAVE_SWAPCONTEXT 1

configure: exit 0
